# JRE version: Java(TM) SE Runtime Environment (8.0_151-b12) (build 1.8.0_151-b12)
# Java VM: Java HotSpot(TM) 64-Bit Server VM (25.151-b12 mixed mode windows-amd64 compressed oops)
Heap:
 PSYoungGen      total 830976K, used 766510K [0x0000000780000000, 0x00000007bf600000, 0x00000007c0000000)
  eden space 721920K, 91% used [0x0000000780000000,0x00000007a820e530,0x00000007ac100000)
  from space 109056K, 99% used [0x00000007b4c00000,0x00000007bb67d448,0x00000007bb680000)
  to   space 142336K, 0% used [0x00000007ac100000,0x00000007ac100000,0x00000007b4c00000)
 ParOldGen       total 453120K, used 297550K [0x0000000700000000, 0x000000071ba80000, 0x0000000780000000)
  object space 453120K, 65% used [0x0000000700000000,0x00000007122938f8,0x000000071ba80000)
 Metaspace       used 57546K, capacity 58764K, committed 59048K, reserved 1099776K
  class space    used 7655K, capacity 7989K, committed 8112K, reserved 1048576K
GC Heap History (10 events):
Event: 498.891 GC heap before
{Heap before GC invocations=55 (full 5):
 PSYoungGen      total 692224K, used 626236K [0x0000000780000000, 0x00000007b5a00000, 0x00000007c0000000)
  eden space 567296K, 100% used [0x0000000780000000,0x00000007a2a00000,0x00000007a2a00000)
  from space 124928K, 47% used [0x00000007a2a00000,0x00000007a638f040,0x00000007aa400000)
  to   space 124416K, 0% used [0x00000007ae080000,0x00000007ae080000,0x00000007b5a00000)
 ParOldGen       total 453120K, used 232591K [0x0000000700000000, 0x000000071ba80000, 0x0000000780000000)
  object space 453120K, 51% used [0x0000000700000000,0x000000070e323f20,0x000000071ba80000)
 Metaspace       used 57345K, capacity 58490K, committed 58792K, reserved 1099776K
  class space    used 7652K, capacity 7987K, committed 8112K, reserved 1048576K
Event: 498.943 GC heap after
Heap after GC invocations=55 (full 5):
 PSYoungGen      total 745984K, used 58893K [0x0000000780000000, 0x00000007b5480000, 0x00000007c0000000)
  eden space 627200K, 0% used [0x0000000780000000,0x0000000780000000,0x00000007a6480000)
  from space 118784K, 49% used [0x00000007ae080000,0x00000007b1a036e0,0x00000007b5480000)
  to   space 122880K, 0% used [0x00000007a6480000,0x00000007a6480000,0x00000007adc80000)
 ParOldGen       total 453120K, used 232591K [0x0000000700000000, 0x000000071ba80000, 0x0000000780000000)
  object space 453120K, 51% used [0x0000000700000000,0x000000070e323f20,0x000000071ba80000)
 Metaspace       used 57345K, capacity 58490K, committed 58792K, reserved 1099776K
  class space    used 7652K, capacity 7987K, committed 8112K, reserved 1048576K
}
Event: 501.189 GC heap before
{Heap before GC invocations=56 (full 5):
 PSYoungGen      total 745984K, used 686093K [0x0000000780000000, 0x00000007b5480000, 0x00000007c0000000)
  eden space 627200K, 100% used [0x0000000780000000,0x00000007a6480000,0x00000007a6480000)
  from space 118784K, 49% used [0x00000007ae080000,0x00000007b1a036e0,0x00000007b5480000)
  to   space 122880K, 0% used [0x00000007a6480000,0x00000007a6480000,0x00000007adc80000)
 ParOldGen       total 453120K, used 232591K [0x0000000700000000, 0x000000071ba80000, 0x0000000780000000)
  object space 453120K, 51% used [0x0000000700000000,0x000000070e323f20,0x000000071ba80000)
 Metaspace       used 57345K, capacity 58490K, committed 58792K, reserved 1099776K
  class space    used 7652K, capacity 7987K, committed 8112K, reserved 1048576K
Event: 501.239 GC heap after
Heap after GC invocations=56 (full 5):
 PSYoungGen      total 750080K, used 58815K [0x0000000780000000, 0x00000007b8e80000, 0x00000007c0000000)
  eden space 627200K, 0% used [0x0000000780000000,0x0000000780000000,0x00000007a6480000)
  from space 122880K, 47% used [0x00000007a6480000,0x00000007a9defc58,0x00000007adc80000)
  to   space 120832K, 0% used [0x00000007b1880000,0x00000007b1880000,0x00000007b8e80000)
 ParOldGen       total 453120K, used 232591K [0x0000000700000000, 0x000000071ba80000, 0x0000000780000000)
  object space 453120K, 51% used [0x0000000700000000,0x000000070e323f20,0x000000071ba80000)
 Metaspace       used 57345K, capacity 58490K, committed 58792K, reserved 1099776K
  class space    used 7652K, capacity 7987K, committed 8112K, reserved 1048576K
}
Event: 503.230 GC heap before
{Heap before GC invocations=57 (full 5):
 PSYoungGen      total 750080K, used 686015K [0x0000000780000000, 0x00000007b8e80000, 0x00000007c0000000)
  eden space 627200K, 100% used [0x0000000780000000,0x00000007a6480000,0x00000007a6480000)
  from space 122880K, 47% used [0x00000007a6480000,0x00000007a9defc58,0x00000007adc80000)
  to   space 120832K, 0% used [0x00000007b1880000,0x00000007b1880000,0x00000007b8e80000)
 ParOldGen       total 453120K, used 232591K [0x0000000700000000, 0x000000071ba80000, 0x0000000780000000)
  object space 453120K, 51% used [0x0000000700000000,0x000000070e323f20,0x000000071ba80000)
 Metaspace       used 57346K, capacity 58490K, committed 58792K, reserved 1099776K
  class space    used 7652K, capacity 7987K, committed 8112K, reserved 1048576K
Event: 503.283 GC heap after
Heap after GC invocations=57 (full 5):
 PSYoungGen      total 797184K, used 34909K [0x0000000780000000, 0x00000007b8180000, 0x00000007c0000000)
  eden space 689664K, 0% used [0x0000000780000000,0x0000000780000000,0x00000007aa180000)
  from space 107520K, 32% used [0x00000007b1880000,0x00000007b3a97660,0x00000007b8180000)
  to   space 114688K, 0% used [0x00000007aa180000,0x00000007aa180000,0x00000007b1180000)
 ParOldGen       total 453120K, used 256535K [0x0000000700000000, 0x000000071ba80000, 0x0000000780000000)
  object space 453120K, 56% used [0x0000000700000000,0x000000070fa85e48,0x000000071ba80000)
 Metaspace       used 57346K, capacity 58490K, committed 58792K, reserved 1099776K
  class space    used 7652K, capacity 7987K, committed 8112K, reserved 1048576K
}
Event: 504.937 GC heap before
{Heap before GC invocations=58 (full 5):
 PSYoungGen      total 797184K, used 724573K [0x0000000780000000, 0x00000007b8180000, 0x00000007c0000000)
  eden space 689664K, 100% used [0x0000000780000000,0x00000007aa180000,0x00000007aa180000)
  from space 107520K, 32% used [0x00000007b1880000,0x00000007b3a97660,0x00000007b8180000)
  to   space 114688K, 0% used [0x00000007aa180000,0x00000007aa180000,0x00000007b1180000)
 ParOldGen       total 453120K, used 256535K [0x0000000700000000, 0x000000071ba80000, 0x0000000780000000)
  object space 453120K, 56% used [0x0000000700000000,0x000000070fa85e48,0x000000071ba80000)
 Metaspace       used 57358K, capacity 58554K, committed 58792K, reserved 1099776K
  class space    used 7652K, capacity 7987K, committed 8112K, reserved 1048576K
Event: 504.970 GC heap after
Heap after GC invocations=58 (full 5):
 PSYoungGen      total 804352K, used 35034K [0x0000000780000000, 0x00000007bb680000, 0x00000007c0000000)
  eden space 689664K, 0% used [0x0000000780000000,0x0000000780000000,0x00000007aa180000)
  from space 114688K, 30% used [0x00000007aa180000,0x00000007ac3b6b90,0x00000007b1180000)
  to   space 109056K, 0% used [0x00000007b4c00000,0x00000007b4c00000,0x00000007bb680000)
 ParOldGen       total 453120K, used 256535K [0x0000000700000000, 0x000000071ba80000, 0x0000000780000000)
  object space 453120K, 56% used [0x0000000700000000,0x000000070fa85e48,0x000000071ba80000)
 Metaspace       used 57358K, capacity 58554K, committed 58792K, reserved 1099776K
  class space    used 7652K, capacity 7987K, committed 8112K, reserved 1048576K
}
Event: 510.913 GC heap before
{Heap before GC invocations=59 (full 5):
 PSYoungGen      total 804352K, used 724698K [0x0000000780000000, 0x00000007bb680000, 0x00000007c0000000)
  eden space 689664K, 100% used [0x0000000780000000,0x00000007aa180000,0x00000007aa180000)
  from space 114688K, 30% used [0x00000007aa180000,0x00000007ac3b6b90,0x00000007b1180000)
  to   space 109056K, 0% used [0x00000007b4c00000,0x00000007b4c00000,0x00000007bb680000)
 ParOldGen       total 453120K, used 256535K [0x0000000700000000, 0x000000071ba80000, 0x0000000780000000)
  object space 453120K, 56% used [0x0000000700000000,0x000000070fa85e48,0x000000071ba80000)
 Metaspace       used 57457K, capacity 58700K, committed 59048K, reserved 1099776K
  class space    used 7654K, capacity 7989K, committed 8112K, reserved 1048576K
Event: 511.044 GC heap after
Heap after GC invocations=59 (full 5):
 PSYoungGen      total 830976K, used 109045K [0x0000000780000000, 0x00000007bf600000, 0x00000007c0000000)
  eden space 721920K, 0% used [0x0000000780000000,0x0000000780000000,0x00000007ac100000)
  from space 109056K, 99% used [0x00000007b4c00000,0x00000007bb67d448,0x00000007bb680000)
  to   space 142336K, 0% used [0x00000007ac100000,0x00000007ac100000,0x00000007b4c00000)
 ParOldGen       total 453120K, used 297550K [0x0000000700000000, 0x000000071ba80000, 0x0000000780000000)
  object space 453120K, 65% used [0x0000000700000000,0x00000007122938f8,0x000000071ba80000)
 Metaspace       used 57457K, capacity 58700K, committed 59048K, reserved 1099776K
  class space    used 7654K, capacity 7989K, committed 8112K, reserved 1048576K
}

